#
# There is insufficient memory for the Java Runtime Environment to continue.
# Native memory allocation (malloc) failed to allocate 1040896 bytes for Chunk::new
# Possible reasons:
#   The system is out of physical RAM or swap space
#   In 32 bit mode, the process size limit was hit
# Possible solutions:
#   Reduce memory load on the system
#   Increase physical memory or swap space
#   Check if swap backing store is full
#   Use 64 bit Java on a 64 bit OS
#   Decrease Java heap size (-Xmx/-Xms)
#   Decrease number of Java threads
#   Decrease Java thread stack sizes (-Xss)
#   Set larger code cache with -XX:ReservedCodeCacheSize=
# This output file may be truncated or incomplete.
#
#  Out of Memory Error (allocation.cpp:390), pid=14904, tid=0x0000000000004088
#
# JRE version: OpenJDK Runtime Environment (8.0_152-b01) (build 1.8.0_152-release-1248-b01)
# Java VM: OpenJDK 64-Bit Server VM (25.152-b01 mixed mode windows-amd64 compressed oops)
# Failed to write core dump. Minidumps are not enabled by default on client versions of Windows
#

---------------  T H R E A D  ---------------

Current thread (0x00000000169f8000):  JavaThread "C2 CompilerThread0" daemon [_thread_in_native, id=16520, stack(0x0000000018040000,0x0000000018140000)]

Stack: [0x0000000018040000,0x0000000018140000]
[error occurred during error reporting (printing stack bounds), id 0xc0000005]

Native frames: (J=compiled Java code, j=interpreted, Vv=VM code, C=native code)


Current CompileTask:
C2:   7089 1364       4       java.net.URLClassLoader$1::run (5 bytes)


---------------  P R O C E S S  ---------------

Java Threads: ( => current thread )
  0x0000000018ec2000 JavaThread "Stdin handler" [_thread_blocked, id=16380, stack(0x000000001b090000,0x000000001b190000)]
  0x0000000018ec1800 JavaThread "Asynchronous log dispatcher for DefaultDaemonConnection: socket connection from /127.0.0.1:59293 to /127.0.0.1:59294" [_thread_blocked, id=10696, stack(0x000000001af90000,0x000000001b090000)]
  0x0000000018ebf000 JavaThread "Daemon worker" [_thread_in_vm, id=12800, stack(0x000000001ac90000,0x000000001ad90000)]
  0x00000000190db000 JavaThread "Cancel handler" [_thread_blocked, id=16012, stack(0x000000001ab90000,0x000000001ac90000)]
  0x000000001829a000 JavaThread "Handler for socket connection from /127.0.0.1:59293 to /127.0.0.1:59294" [_thread_in_native, id=16420, stack(0x000000001aa90000,0x000000001ab90000)]
  0x0000000018299000 JavaThread "Daemon" [_thread_blocked, id=13880, stack(0x000000001a990000,0x000000001aa90000)]
  0x0000000018d43000 JavaThread "Daemon periodic checks" [_thread_blocked, id=12524, stack(0x000000001a890000,0x000000001a990000)]
  0x0000000018c45800 JavaThread "Incoming local TCP Connector on port 59293" [_thread_in_native, id=8152, stack(0x000000001a650000,0x000000001a750000)]
  0x0000000018147000 JavaThread "Service Thread" daemon [_thread_blocked, id=16080, stack(0x0000000018740000,0x0000000018840000)]
  0x0000000016a4e000 JavaThread "C1 CompilerThread2" daemon [_thread_blocked, id=10760, stack(0x0000000018640000,0x0000000018740000)]
  0x0000000016a4d000 JavaThread "C2 CompilerThread1" daemon [_thread_in_native, id=15460, stack(0x0000000018540000,0x0000000018640000)]
=>0x00000000169f8000 JavaThread "C2 CompilerThread0" daemon [_thread_in_native, id=16520, stack(0x0000000018040000,0x0000000018140000)]
  0x00000000169f6800 JavaThread "Attach Listener" daemon [_thread_blocked, id=6320, stack(0x0000000017f40000,0x0000000018040000)]
  0x00000000169f5000 JavaThread "Signal Dispatcher" daemon [_thread_blocked, id=11748, stack(0x0000000017e40000,0x0000000017f40000)]
  0x0000000003075800 JavaThread "Finalizer" daemon [_thread_blocked, id=6636, stack(0x0000000017c40000,0x0000000017d40000)]
  0x0000000003070000 JavaThread "Reference Handler" daemon [_thread_blocked, id=7356, stack(0x0000000017b40000,0x0000000017c40000)]
  0x0000000002d1e000 JavaThread "main" [_thread_blocked, id=5244, stack(0x0000000002e80000,0x0000000002f80000)]

Other Threads:
  0x00000000169b7800 VMThread [stack: 0x0000000017a40000,0x0000000017b40000] [id=14052]
  0x0000000018147800 WatcherThread [stack: 0x0000000018840000,0x0000000018940000] [id=15732]

VM state:not at safepoint (normal execution)

VM Mutex/Monitor currently owned by a thread: None

Heap:
 PSYoungGen      total 71680K, used 45304K [0x00000000e0000000, 0x00000000e4b00000, 0x0000000100000000)
  eden space 66560K, 60% used [0x00000000e0000000,0x00000000e275d510,0x00000000e4100000)
  from space 5120K, 97% used [0x00000000e4600000,0x00000000e4ae0d60,0x00000000e4b00000)
  to   space 5120K, 0% used [0x00000000e4100000,0x00000000e4100000,0x00000000e4600000)
 ParOldGen       total 87552K, used 24K [0x00000000a0000000, 0x00000000a5580000, 0x00000000e0000000)
  object space 87552K, 0% used [0x00000000a0000000,0x00000000a0006000,0x00000000a5580000)
 Metaspace       used 13758K, capacity 14142K, committed 14464K, reserved 1060864K
  class space    used 1945K, capacity 2095K, committed 2176K, reserved 1048576K

Card table byte_map: [0x0000000012440000,0x0000000012750000] byte_map_base: 0x0000000011f40000

Marking Bits: (ParMarkBitMap*) 0x0000000056b75aa0
 Begin Bits: [0x0000000012d50000, 0x0000000014550000)
 End Bits:   [0x0000000014550000, 0x0000000015d50000)

Polling page: 0x0000000002ce0000

CodeCache: size=245760Kb used=4775Kb max_used=4775Kb free=240984Kb
 bounds [0x0000000003080000, 0x0000000003530000, 0x0000000012080000]
 total_blobs=1736 nmethods=1371 adapters=279
 compilation: enabled

Compilation events (10 events):
Event: 6.957 Thread 0x0000000016a4e000 nmethod 1361 0x0000000003522210 code [0x0000000003522380, 0x00000000035224e8]
Event: 6.957 Thread 0x0000000016a4e000 1362       3       org.gradle.internal.service.DefaultServiceRegistry$OwnServices$ProviderAnalyser::addProviderForClassHierarchy (16 bytes)
Event: 6.957 Thread 0x0000000016a4e000 nmethod 1362 0x0000000003519750 code [0x00000000035198c0, 0x0000000003519b18]
Event: 6.958 Thread 0x0000000016a4d000 nmethod 1363 0x00000000035191d0 code [0x0000000003519360, 0x0000000003519558]
Event: 6.978 Thread 0x00000000169f8000 1364       4       java.net.URLClassLoader$1::run (5 bytes)
Event: 6.978 Thread 0x0000000016a4d000 1365   !   4       java.net.URLClassLoader$1::run (63 bytes)
Event: 7.046 Thread 0x0000000016a4e000 1366   !   3       org.gradle.internal.classloader.TransformingClassLoader::findClass (203 bytes)
Event: 7.047 Thread 0x0000000016a4e000 nmethod 1366 0x0000000003528b90 code [0x0000000003529040, 0x000000000352bdf8]
Event: 7.048 Thread 0x0000000016a4e000 1367       3       org.gradle.initialization.MixInLegacyTypesClassLoader::shouldTransform (42 bytes)
Event: 7.048 Thread 0x0000000016a4e000 nmethod 1367 0x0000000003518a50 code [0x0000000003518be0, 0x0000000003519038]

GC Heap History (4 events):
Event: 1.984 GC heap before
{Heap before GC invocations=1 (full 0):
 PSYoungGen      total 38400K, used 33280K [0x00000000e0000000, 0x00000000e2a80000, 0x0000000100000000)
  eden space 33280K, 100% used [0x00000000e0000000,0x00000000e2080000,0x00000000e2080000)
  from space 5120K, 0% used [0x00000000e2580000,0x00000000e2580000,0x00000000e2a80000)
  to   space 5120K, 0% used [0x00000000e2080000,0x00000000e2080000,0x00000000e2580000)
 ParOldGen       total 87552K, used 0K [0x00000000a0000000, 0x00000000a5580000, 0x00000000e0000000)
  object space 87552K, 0% used [0x00000000a0000000,0x00000000a0000000,0x00000000a5580000)
 Metaspace       used 6516K, capacity 6606K, committed 6784K, reserved 1056768K
  class space    used 795K, capacity 843K, committed 896K, reserved 1048576K
Event: 2.032 GC heap after
Heap after GC invocations=1 (full 0):
 PSYoungGen      total 38400K, used 3991K [0x00000000e0000000, 0x00000000e4b00000, 0x0000000100000000)
  eden space 33280K, 0% used [0x00000000e0000000,0x00000000e0000000,0x00000000e2080000)
  from space 5120K, 77% used [0x00000000e2080000,0x00000000e2465d38,0x00000000e2580000)
  to   space 5120K, 0% used [0x00000000e4600000,0x00000000e4600000,0x00000000e4b00000)
 ParOldGen       total 87552K, used 8K [0x00000000a0000000, 0x00000000a5580000, 0x00000000e0000000)
  object space 87552K, 0% used [0x00000000a0000000,0x00000000a0002000,0x00000000a5580000)
 Metaspace       used 6516K, capacity 6606K, committed 6784K, reserved 1056768K
  class space    used 795K, capacity 843K, committed 896K, reserved 1048576K
}
Event: 3.863 GC heap before
{Heap before GC invocations=2 (full 0):
 PSYoungGen      total 38400K, used 37271K [0x00000000e0000000, 0x00000000e4b00000, 0x0000000100000000)
  eden space 33280K, 100% used [0x00000000e0000000,0x00000000e2080000,0x00000000e2080000)
  from space 5120K, 77% used [0x00000000e2080000,0x00000000e2465d38,0x00000000e2580000)
  to   space 5120K, 0% used [0x00000000e4600000,0x00000000e4600000,0x00000000e4b00000)
 ParOldGen       total 87552K, used 8K [0x00000000a0000000, 0x00000000a5580000, 0x00000000e0000000)
  object space 87552K, 0% used [0x00000000a0000000,0x00000000a0002000,0x00000000a5580000)
 Metaspace       used 9803K, capacity 10044K, committed 10112K, reserved 1058816K
  class space    used 1309K, capacity 1388K, committed 1408K, reserved 1048576K
Event: 3.872 GC heap after
Heap after GC invocations=2 (full 0):
 PSYoungGen      total 71680K, used 4995K [0x00000000e0000000, 0x00000000e4b00000, 0x0000000100000000)
  eden space 66560K, 0% used [0x00000000e0000000,0x00000000e0000000,0x00000000e4100000)
  from space 5120K, 97% used [0x00000000e4600000,0x00000000e4ae0d60,0x00000000e4b00000)
  to   space 5120K, 0% used [0x00000000e4100000,0x00000000e4100000,0x00000000e4600000)
 ParOldGen       total 87552K, used 24K [0x00000000a0000000, 0x00000000a5580000, 0x00000000e0000000)
  object space 87552K, 0% used [0x00000000a0000000,0x00000000a0006000,0x00000000a5580000)
 Metaspace       used 9803K, capacity 10044K, committed 10112K, reserved 1058816K
  class space    used 1309K, capacity 1388K, committed 1408K, reserved 1048576K
}

Deoptimization events (10 events):
Event: 2.911 Thread 0x0000000002d1e000 Uncommon trap: reason=class_check action=maybe_recompile pc=0x000000000333ac84 method=java.util.regex.Matcher.match(II)Z @ 86
Event: 3.183 Thread 0x0000000002d1e000 Uncommon trap: reason=unstable_if action=reinterpret pc=0x00000000032f8e10 method=java.util.HashMap.getNode(ILjava/lang/Object;)Ljava/util/HashMap$Node; @ 129
Event: 3.183 Thread 0x0000000002d1e000 Uncommon trap: reason=bimorphic action=maybe_recompile pc=0x0000000003308ab8 method=java.util.HashMap.putVal(ILjava/lang/Object;Ljava/lang/Object;ZZ)Ljava/lang/Object; @ 203
Event: 3.845 Thread 0x0000000002d1e000 Uncommon trap: reason=unstable_if action=reinterpret pc=0x000000000332c70c method=java.io.WinNTFileSystem.normalize(Ljava/lang/String;)Ljava/lang/String; @ 128
Event: 3.845 Thread 0x0000000002d1e000 Uncommon trap: reason=unstable_if action=reinterpret pc=0x000000000338d1c0 method=java.io.WinNTFileSystem.normalize(Ljava/lang/String;II)Ljava/lang/String; @ 90
Event: 6.368 Thread 0x000000001829a000 Uncommon trap: reason=unstable_if action=reinterpret pc=0x000000000348a4b0 method=java.util.concurrent.ConcurrentHashMap.putVal(Ljava/lang/Object;Ljava/lang/Object;Z)Ljava/lang/Object; @ 206
Event: 6.495 Thread 0x0000000018ebf000 Uncommon trap: reason=bimorphic action=maybe_recompile pc=0x0000000003307fc0 method=java.util.HashMap.putVal(ILjava/lang/Object;Ljava/lang/Object;ZZ)Ljava/lang/Object; @ 253
Event: 6.495 Thread 0x0000000018ebf000 Uncommon trap: reason=bimorphic action=maybe_recompile pc=0x0000000003307fc0 method=java.util.HashMap.putVal(ILjava/lang/Object;Ljava/lang/Object;ZZ)Ljava/lang/Object; @ 253
Event: 6.495 Thread 0x0000000018ebf000 Uncommon trap: reason=bimorphic action=maybe_recompile pc=0x0000000003307fc0 method=java.util.HashMap.putVal(ILjava/lang/Object;Ljava/lang/Object;ZZ)Ljava/lang/Object; @ 253
Event: 6.495 Thread 0x0000000018ebf000 Uncommon trap: reason=bimorphic action=maybe_recompile pc=0x00000000033032a8 method=java.util.HashMap.putVal(ILjava/lang/Object;Ljava/lang/Object;ZZ)Ljava/lang/Object; @ 253

Classes redefined (0 events):
No events

Internal exceptions (10 events):
Event: 6.379 Thread 0x000000001829a000 Exception <a 'java/lang/NoSuchMethodError': <clinit>> (0x00000000e07156e0) thrown at [D:\src\AOSP-openjdk-cygwin\jdk8u\hotspot\src\share\vm\prims\jni.cpp, line 1613]
Event: 6.380 Thread 0x000000001829a000 Exception <a 'java/lang/NoSuchMethodError': <clinit>> (0x00000000e071ecc0) thrown at [D:\src\AOSP-openjdk-cygwin\jdk8u\hotspot\src\share\vm\prims\jni.cpp, line 1613]
Event: 6.385 Thread 0x000000001829a000 Exception <a 'java/lang/NoSuchMethodError': <clinit>> (0x00000000e0745bd0) thrown at [D:\src\AOSP-openjdk-cygwin\jdk8u\hotspot\src\share\vm\prims\jni.cpp, line 1613]
Event: 6.388 Thread 0x000000001829a000 Exception <a 'java/lang/NoSuchMethodError': <clinit>> (0x00000000e075d9e8) thrown at [D:\src\AOSP-openjdk-cygwin\jdk8u\hotspot\src\share\vm\prims\jni.cpp, line 1613]
Event: 6.389 Thread 0x000000001829a000 Exception <a 'java/lang/NoSuchMethodError': <clinit>> (0x00000000e07664b0) thrown at [D:\src\AOSP-openjdk-cygwin\jdk8u\hotspot\src\share\vm\prims\jni.cpp, line 1613]
Event: 6.390 Thread 0x000000001829a000 Exception <a 'java/lang/NoSuchMethodError': <clinit>> (0x00000000e077c400) thrown at [D:\src\AOSP-openjdk-cygwin\jdk8u\hotspot\src\share\vm\prims\jni.cpp, line 1613]
Event: 6.400 Thread 0x000000001829a000 Exception <a 'java/lang/NoSuchMethodError': <clinit>> (0x00000000e07da6d8) thrown at [D:\src\AOSP-openjdk-cygwin\jdk8u\hotspot\src\share\vm\prims\jni.cpp, line 1613]
Event: 6.403 Thread 0x000000001829a000 Exception <a 'java/lang/NoSuchMethodError': <clinit>> (0x00000000e0806370) thrown at [D:\src\AOSP-openjdk-cygwin\jdk8u\hotspot\src\share\vm\prims\jni.cpp, line 1613]
Event: 6.409 Thread 0x000000001829a000 Exception <a 'java/lang/NoSuchMethodError': <clinit>> (0x00000000e0835198) thrown at [D:\src\AOSP-openjdk-cygwin\jdk8u\hotspot\src\share\vm\prims\jni.cpp, line 1613]
Event: 6.410 Thread 0x000000001829a000 Exception <a 'java/lang/NoSuchMethodError': <clinit>> (0x00000000e0840538) thrown at [D:\src\AOSP-openjdk-cygwin\jdk8u\hotspot\src\share\vm\prims\jni.cpp, line 1613]

Events (10 events):
Event: 7.050 loading class org/gradle/api/internal/resolve/ProjectModelResolver
Event: 7.050 loading class org/gradle/api/internal/resolve/ProjectModelResolver done
Event: 7.051 loading class org/gradle/jvm/internal/services/PlatformJvmServices$BuildScopeServices
Event: 7.051 loading class org/gradle/jvm/internal/services/PlatformJvmServices$BuildScopeServices done
Event: 7.052 loading class org/gradle/jvm/internal/services/PlatformJvmServices$LocalLibraryDependencyResolverFactory
Event: 7.052 loading class org/gradle/jvm/internal/services/PlatformJvmServices$LocalLibraryDependencyResolverFactory done
Event: 7.053 loading class org/gradle/jvm/toolchain/internal/JavaInstallationProbe
Event: 7.053 loading class org/gradle/jvm/toolchain/internal/JavaInstallationProbe done
Event: 7.055 loading class org/gradle/nativeplatform/internal/resolve/NativeDependencyResolverServices
Event: 7.055 loading class org/gradle/nativeplatform/internal/resolve/NativeDependencyResolverServices done


Dynamic libraries:
0x00007ff7d0190000 - 0x00007ff7d01c1000 	K:\Program Files\Android\Android Studio\jre\bin\java.exe
0x00007ffd60330000 - 0x00007ffd6051d000 	C:\WINDOWS\SYSTEM32\ntdll.dll
0x00007ffd60110000 - 0x00007ffd601c3000 	C:\WINDOWS\System32\KERNEL32.DLL
0x00007ffd5c820000 - 0x00007ffd5cab3000 	C:\WINDOWS\System32\KERNELBASE.dll
0x00007ffd5f500000 - 0x00007ffd5f5a3000 	C:\WINDOWS\System32\ADVAPI32.dll
0x00007ffd5dd40000 - 0x00007ffd5ddde000 	C:\WINDOWS\System32\msvcrt.dll
0x00007ffd5f5b0000 - 0x00007ffd5f64e000 	C:\WINDOWS\System32\sechost.dll
0x00007ffd601d0000 - 0x00007ffd602f2000 	C:\WINDOWS\System32\RPCRT4.dll
0x00007ffd5fd80000 - 0x00007ffd5ff17000 	C:\WINDOWS\System32\USER32.dll
0x00007ffd5c520000 - 0x00007ffd5c540000 	C:\WINDOWS\System32\win32u.dll
0x00007ffd600e0000 - 0x00007ffd60109000 	C:\WINDOWS\System32\GDI32.dll
0x00007ffd5d310000 - 0x00007ffd5d4aa000 	C:\WINDOWS\System32\gdi32full.dll
0x00007ffd5d270000 - 0x00007ffd5d310000 	C:\WINDOWS\System32\msvcp_win.dll
0x00007ffd5c720000 - 0x00007ffd5c81c000 	C:\WINDOWS\System32\ucrtbase.dll
0x00007ffd446c0000 - 0x00007ffd44939000 	C:\WINDOWS\WinSxS\amd64_microsoft.windows.common-controls_6595b64144ccf1df_6.0.17763.253_none_05b2388e0721fece\COMCTL32.dll
0x00007ffd5f8a0000 - 0x00007ffd5fbcd000 	C:\WINDOWS\System32\combase.dll
0x00007ffd5d4b0000 - 0x00007ffd5d52e000 	C:\WINDOWS\System32\bcryptPrimitives.dll
0x00007ffd5dde0000 - 0x00007ffd5de0e000 	C:\WINDOWS\System32\IMM32.DLL
0x0000000055630000 - 0x0000000055702000 	K:\Program Files\Android\Android Studio\jre\jre\bin\msvcr100.dll
0x00000000563b0000 - 0x0000000056bf1000 	K:\Program Files\Android\Android Studio\jre\jre\bin\server\jvm.dll
0x00007ffd5ff80000 - 0x00007ffd5ff88000 	C:\WINDOWS\System32\PSAPI.DLL
0x00007ffd3dd10000 - 0x00007ffd3dd19000 	C:\WINDOWS\SYSTEM32\WSOCK32.dll
0x00007ffd5a530000 - 0x00007ffd5a554000 	C:\WINDOWS\SYSTEM32\WINMM.dll
0x00007ffd5f430000 - 0x00007ffd5f49d000 	C:\WINDOWS\System32\WS2_32.dll
0x00007ffd5a410000 - 0x00007ffd5a43d000 	C:\WINDOWS\SYSTEM32\WINMMBASE.dll
0x00007ffd5c4d0000 - 0x00007ffd5c51a000 	C:\WINDOWS\System32\cfgmgr32.dll
0x00007ffd54900000 - 0x00007ffd5490a000 	C:\WINDOWS\SYSTEM32\VERSION.dll
0x00007ffd58ee0000 - 0x00007ffd58eef000 	K:\Program Files\Android\Android Studio\jre\jre\bin\verify.dll
0x00007ffd58eb0000 - 0x00007ffd58ed9000 	K:\Program Files\Android\Android Studio\jre\jre\bin\java.dll
0x00007ffd520a0000 - 0x00007ffd520b6000 	K:\Program Files\Android\Android Studio\jre\jre\bin\zip.dll
0x00007ffd5df40000 - 0x00007ffd5f42f000 	C:\WINDOWS\System32\SHELL32.dll
0x00007ffd5de10000 - 0x00007ffd5deb8000 	C:\WINDOWS\System32\shcore.dll
0x00007ffd5cb20000 - 0x00007ffd5d26a000 	C:\WINDOWS\System32\windows.storage.dll
0x00007ffd5c330000 - 0x00007ffd5c354000 	C:\WINDOWS\System32\profapi.dll
0x00007ffd5c380000 - 0x00007ffd5c3dd000 	C:\WINDOWS\System32\powrprof.dll
0x00007ffd5dbb0000 - 0x00007ffd5dc02000 	C:\WINDOWS\System32\shlwapi.dll
0x00007ffd5c360000 - 0x00007ffd5c371000 	C:\WINDOWS\System32\kernel.appcore.dll
0x00007ffd5c400000 - 0x00007ffd5c417000 	C:\WINDOWS\System32\cryptsp.dll
0x00007ffd51580000 - 0x00007ffd5159a000 	K:\Program Files\Android\Android Studio\jre\jre\bin\net.dll
0x00007ffd5bbc0000 - 0x00007ffd5bc27000 	C:\WINDOWS\system32\mswsock.dll
0x00007ffd4ed00000 - 0x00007ffd4ed11000 	K:\Program Files\Android\Android Studio\jre\jre\bin\nio.dll
0x00007ffd4ec10000 - 0x00007ffd4ec2e000 	C:\Users\Griffith\.gradle\native\25\windows-amd64\native-platform.dll
0x00007ffd58ea0000 - 0x00007ffd58ead000 	K:\Program Files\Android\Android Studio\jre\jre\bin\management.dll
0x00007ffd5b780000 - 0x00007ffd5b7b3000 	C:\WINDOWS\system32\rsaenh.dll
0x00007ffd5d530000 - 0x00007ffd5d556000 	C:\WINDOWS\System32\bcrypt.dll
0x00007ffd5c260000 - 0x00007ffd5c288000 	C:\WINDOWS\SYSTEM32\USERENV.dll
0x00007ffd5bd90000 - 0x00007ffd5bd9c000 	C:\WINDOWS\SYSTEM32\CRYPTBASE.dll
0x00007ffd5b920000 - 0x00007ffd5b95d000 	C:\WINDOWS\SYSTEM32\IPHLPAPI.DLL
0x00007ffd5d560000 - 0x00007ffd5d568000 	C:\WINDOWS\System32\NSI.dll
0x00007ffd552d0000 - 0x00007ffd552e6000 	C:\WINDOWS\SYSTEM32\dhcpcsvc6.DLL
0x00007ffd56a20000 - 0x00007ffd56a3c000 	C:\WINDOWS\SYSTEM32\dhcpcsvc.DLL
0x00007ffd5b960000 - 0x00007ffd5ba26000 	C:\WINDOWS\SYSTEM32\DNSAPI.dll

VM Arguments:
jvm_args: -Xmx1536m -Dfile.encoding=windows-1252 -Duser.country=US -Duser.language=en -Duser.variant 
java_command: org.gradle.launcher.daemon.bootstrap.GradleDaemon 4.10.1
java_class_path (initial): C:\Users\Griffith\.gradle\wrapper\dists\gradle-4.10.1-all\455itskqi2qtf0v2sja68alqd\gradle-4.10.1\lib\gradle-launcher-4.10.1.jar
Launcher Type: SUN_STANDARD

Environment Variables:
PATH=C:\WINDOWS\system32;C:\WINDOWS;C:\WINDOWS\System32\Wbem;C:\WINDOWS\System32\WindowsPowerShell\v1.0\;C:\WINDOWS\System32\OpenSSH\;C:\Users\Griffith\AppData\Local\Microsoft\WindowsApps;C:\Users\Griffith\AppData\Local\GitHubDesktop\bin
USERNAME=Griffith
OS=Windows_NT
PROCESSOR_IDENTIFIER=Intel64 Family 6 Model 94 Stepping 3, GenuineIntel



---------------  S Y S T E M  ---------------

OS: Windows 10.0 , 64 bit Build 17763 (10.0.17763.1)

CPU:total 4 (initial active 4) (4 cores per cpu, 1 threads per core) family 6 model 94 stepping 3, cmov, cx8, fxsr, mmx, sse, sse2, sse3, ssse3, sse4.1, sse4.2, popcnt, avx, avx2, aes, clmul, erms, rtm, 3dnowpref, lzcnt, tsc, tscinvbit, bmi1, bmi2, adx

Memory: 4k page, physical 8274040k(569988k free), swap 33439864k(5276k free)

vm_info: OpenJDK 64-Bit Server VM (25.152-b01) for windows-amd64 JRE (1.8.0_152-release-1248-b01), built by "builder" with MS VC++ 10.0 (VS2010)

time: Tue Feb 12 16:12:43 2019
elapsed time: 7 seconds (0d 0h 0m 7s)

